<?xml version="1.0" encoding="UTF-8"?>
<coverage generated="1759440388">
  <project timestamp="1759440388" name="Clover Coverage">
    <package name="App\Models">
      <file name="/opt/nestogy/app/Models/Account.php">
        <class name="App\Models\Account" namespace="App\Models">
          <metrics complexity="20" methods="20" coveredmethods="0" conditionals="0" coveredconditionals="0" statements="38" coveredstatements="0" elements="58" coveredelements="0"/>
        </class>
        <line num="97" type="method" name="payments" visibility="public" complexity="1" crap="2" count="0"/>
        <line num="99" type="stmt" count="0"/>
        <line num="105" type="method" name="expenses" visibility="public" complexity="1" crap="2" count="0"/>
        <line num="107" type="stmt" count="0"/>
        <line num="113" type="method" name="getTypeLabel" visibility="public" complexity="1" crap="2" count="0"/>
        <line num="115" type="stmt" count="0"/>
        <line num="121" type="method" name="isArchived" visibility="public" complexity="1" crap="2" count="0"/>
        <line num="123" type="stmt" count="0"/>
        <line num="129" type="method" name="hasPlaidIntegration" visibility="public" complexity="1" crap="2" count="0"/>
        <line num="131" type="stmt" count="0"/>
        <line num="137" type="method" name="getCurrentBalance" visibility="public" complexity="1" crap="2" count="0"/>
        <line num="139" type="stmt" count="0"/>
        <line num="140" type="stmt" count="0"/>
        <line num="142" type="stmt" count="0"/>
        <line num="148" type="method" name="getFormattedCurrentBalance" visibility="public" complexity="1" crap="2" count="0"/>
        <line num="150" type="stmt" count="0"/>
        <line num="156" type="method" name="getFormattedOpeningBalance" visibility="public" complexity="1" crap="2" count="0"/>
        <line num="158" type="stmt" count="0"/>
        <line num="164" type="method" name="formatCurrency" visibility="public" complexity="1" crap="2" count="0"/>
        <line num="166" type="stmt" count="0"/>
        <line num="168" type="stmt" count="0"/>
        <line num="174" type="method" name="getCurrencySymbol" visibility="public" complexity="1" crap="2" count="0"/>
        <line num="176" type="stmt" count="0"/>
        <line num="177" type="stmt" count="0"/>
        <line num="178" type="stmt" count="0"/>
        <line num="179" type="stmt" count="0"/>
        <line num="180" type="stmt" count="0"/>
        <line num="181" type="stmt" count="0"/>
        <line num="182" type="stmt" count="0"/>
        <line num="183" type="stmt" count="0"/>
        <line num="185" type="stmt" count="0"/>
        <line num="191" type="method" name="getTotalPayments" visibility="public" complexity="1" crap="2" count="0"/>
        <line num="193" type="stmt" count="0"/>
        <line num="199" type="method" name="getTotalExpenses" visibility="public" complexity="1" crap="2" count="0"/>
        <line num="201" type="stmt" count="0"/>
        <line num="207" type="method" name="getTransactionCount" visibility="public" complexity="1" crap="2" count="0"/>
        <line num="209" type="stmt" count="0"/>
        <line num="215" type="method" name="scopeSearch" visibility="public" complexity="1" crap="2" count="0"/>
        <line num="217" type="stmt" count="0"/>
        <line num="223" type="method" name="scopeByType" visibility="public" complexity="1" crap="2" count="0"/>
        <line num="225" type="stmt" count="0"/>
        <line num="231" type="method" name="scopeByCurrency" visibility="public" complexity="1" crap="2" count="0"/>
        <line num="233" type="stmt" count="0"/>
        <line num="239" type="method" name="scopeWithPlaid" visibility="public" complexity="1" crap="2" count="0"/>
        <line num="241" type="stmt" count="0"/>
        <line num="247" type="method" name="getValidationRules" visibility="public" complexity="1" crap="2" count="0"/>
        <line num="249" type="stmt" count="0"/>
        <line num="250" type="stmt" count="0"/>
        <line num="251" type="stmt" count="0"/>
        <line num="252" type="stmt" count="0"/>
        <line num="253" type="stmt" count="0"/>
        <line num="254" type="stmt" count="0"/>
        <line num="255" type="stmt" count="0"/>
        <line num="256" type="stmt" count="0"/>
        <line num="262" type="method" name="getUpdateValidationRules" visibility="public" complexity="1" crap="2" count="0"/>
        <line num="264" type="stmt" count="0"/>
        <line num="270" type="method" name="getAvailableTypes" visibility="public" complexity="1" crap="2" count="0"/>
        <line num="272" type="stmt" count="0"/>
        <metrics loc="275" ncloc="180" classes="1" methods="20" coveredmethods="0" conditionals="0" coveredconditionals="0" statements="38" coveredstatements="0" elements="58" coveredelements="0"/>
      </file>
      <file name="/opt/nestogy/app/Models/AccountHold.php">
        <class name="App\Models\AccountHold" namespace="App\Models">
          <metrics complexity="89" methods="37" coveredmethods="0" conditionals="0" coveredconditionals="0" statements="169" coveredstatements="0" elements="206" coveredelements="0"/>
        </class>
        <line num="311" type="method" name="client" visibility="public" complexity="1" crap="2" count="0"/>
        <line num="313" type="stmt" count="0"/>
        <line num="319" type="method" name="invoice" visibility="public" complexity="1" crap="2" count="0"/>
        <line num="321" type="stmt" count="0"/>
        <line num="327" type="method" name="dunningAction" visibility="public" complexity="1" crap="2" count="0"/>
        <line num="329" type="stmt" count="0"/>
        <line num="335" type="method" name="paymentPlan" visibility="public" complexity="1" crap="2" count="0"/>
        <line num="337" type="stmt" count="0"/>
        <line num="343" type="method" name="collectionNotes" visibility="public" complexity="1" crap="2" count="0"/>
        <line num="345" type="stmt" count="0"/>
        <line num="351" type="method" name="creator" visibility="public" complexity="1" crap="2" count="0"/>
        <line num="353" type="stmt" count="0"/>
        <line num="359" type="method" name="approver" visibility="public" complexity="1" crap="2" count="0"/>
        <line num="361" type="stmt" count="0"/>
        <line num="367" type="method" name="lifter" visibility="public" complexity="1" crap="2" count="0"/>
        <line num="369" type="stmt" count="0"/>
        <line num="375" type="method" name="isActive" visibility="public" complexity="1" crap="2" count="0"/>
        <line num="377" type="stmt" count="0"/>
        <line num="383" type="method" name="isPending" visibility="public" complexity="1" crap="2" count="0"/>
        <line num="385" type="stmt" count="0"/>
        <line num="391" type="method" name="isInGracePeriod" visibility="public" complexity="2" crap="6" count="0"/>
        <line num="393" type="stmt" count="0"/>
        <line num="394" type="stmt" count="0"/>
        <line num="400" type="method" name="hasExpired" visibility="public" complexity="2" crap="6" count="0"/>
        <line num="402" type="stmt" count="0"/>
        <line num="408" type="method" name="isVoIPSuspension" visibility="public" complexity="1" crap="2" count="0"/>
        <line num="410" type="stmt" count="0"/>
        <line num="416" type="method" name="requiresCustomerNotification" visibility="public" complexity="2" crap="6" count="0"/>
        <line num="418" type="stmt" count="0"/>
        <line num="419" type="stmt" count="0"/>
        <line num="425" type="method" name="canBeLiftedBasedOnConditions" visibility="public" complexity="15" crap="240" count="0"/>
        <line num="427" type="stmt" count="0"/>
        <line num="428" type="stmt" count="0"/>
        <line num="431" type="stmt" count="0"/>
        <line num="433" type="stmt" count="0"/>
        <line num="434" type="stmt" count="0"/>
        <line num="435" type="stmt" count="0"/>
        <line num="437" type="stmt" count="0"/>
        <line num="438" type="stmt" count="0"/>
        <line num="439" type="stmt" count="0"/>
        <line num="440" type="stmt" count="0"/>
        <line num="442" type="stmt" count="0"/>
        <line num="443" type="stmt" count="0"/>
        <line num="444" type="stmt" count="0"/>
        <line num="445" type="stmt" count="0"/>
        <line num="447" type="stmt" count="0"/>
        <line num="448" type="stmt" count="0"/>
        <line num="449" type="stmt" count="0"/>
        <line num="450" type="stmt" count="0"/>
        <line num="452" type="stmt" count="0"/>
        <line num="456" type="stmt" count="0"/>
        <line num="462" type="method" name="activate" visibility="public" complexity="3" crap="12" count="0"/>
        <line num="464" type="stmt" count="0"/>
        <line num="465" type="stmt" count="0"/>
        <line num="466" type="stmt" count="0"/>
        <line num="467" type="stmt" count="0"/>
        <line num="470" type="stmt" count="0"/>
        <line num="471" type="stmt" count="0"/>
        <line num="475" type="stmt" count="0"/>
        <line num="478" type="stmt" count="0"/>
        <line num="480" type="stmt" count="0"/>
        <line num="487" type="method" name="lift" visibility="public" complexity="3" crap="12" count="0"/>
        <line num="489" type="stmt" count="0"/>
        <line num="490" type="stmt" count="0"/>
        <line num="491" type="stmt" count="0"/>
        <line num="492" type="stmt" count="0"/>
        <line num="493" type="stmt" count="0"/>
        <line num="496" type="stmt" count="0"/>
        <line num="499" type="stmt" count="0"/>
        <line num="502" type="stmt" count="0"/>
        <line num="503" type="stmt" count="0"/>
        <line num="510" type="method" name="override" visibility="public" complexity="1" crap="2" count="0"/>
        <line num="512" type="stmt" count="0"/>
        <line num="513" type="stmt" count="0"/>
        <line num="514" type="stmt" count="0"/>
        <line num="515" type="stmt" count="0"/>
        <line num="516" type="stmt" count="0"/>
        <line num="518" type="stmt" count="0"/>
        <line num="524" type="method" name="recordPayment" visibility="public" complexity="2" crap="6" count="0"/>
        <line num="526" type="stmt" count="0"/>
        <line num="527" type="stmt" count="0"/>
        <line num="528" type="stmt" count="0"/>
        <line num="529" type="stmt" count="0"/>
        <line num="532" type="stmt" count="0"/>
        <line num="533" type="stmt" count="0"/>
        <line num="540" type="method" name="sendCustomerNotification" visibility="public" complexity="4" crap="20" count="0"/>
        <line num="542" type="stmt" count="0"/>
        <line num="543" type="stmt" count="0"/>
        <line num="545" type="stmt" count="0"/>
        <line num="547" type="stmt" count="0"/>
        <line num="548" type="stmt" count="0"/>
        <line num="549" type="stmt" count="0"/>
        <line num="550" type="stmt" count="0"/>
        <line num="551" type="stmt" count="0"/>
        <line num="552" type="stmt" count="0"/>
        <line num="555" type="stmt" count="0"/>
        <line num="556" type="stmt" count="0"/>
        <line num="557" type="stmt" count="0"/>
        <line num="558" type="stmt" count="0"/>
        <line num="559" type="stmt" count="0"/>
        <line num="565" type="method" name="recordCustomerResponse" visibility="public" complexity="1" crap="2" count="0"/>
        <line num="567" type="stmt" count="0"/>
        <line num="568" type="stmt" count="0"/>
        <line num="569" type="stmt" count="0"/>
        <line num="570" type="stmt" count="0"/>
        <line num="571" type="stmt" count="0"/>
        <line num="572" type="stmt" count="0"/>
        <line num="574" type="stmt" count="0"/>
        <line num="580" type="method" name="calculateEffectivenessScore" visibility="public" complexity="12" crap="156" count="0"/>
        <line num="582" type="stmt" count="0"/>
        <line num="585" type="stmt" count="0"/>
        <line num="586" type="stmt" count="0"/>
        <line num="587" type="stmt" count="0"/>
        <line num="588" type="stmt" count="0"/>
        <line num="589" type="stmt" count="0"/>
        <line num="590" type="stmt" count="0"/>
        <line num="594" type="stmt" count="0"/>
        <line num="595" type="stmt" count="0"/>
        <line num="596" type="stmt" count="0"/>
        <line num="597" type="stmt" count="0"/>
        <line num="598" type="stmt" count="0"/>
        <line num="603" type="stmt" count="0"/>
        <line num="604" type="stmt" count="0"/>
        <line num="605" type="stmt" count="0"/>
        <line num="609" type="stmt" count="0"/>
        <line num="610" type="stmt" count="0"/>
        <line num="611" type="stmt" count="0"/>
        <line num="612" type="stmt" count="0"/>
        <line num="615" type="stmt" count="0"/>
        <line num="621" type="method" name="restoreServices" visibility="protected" complexity="6" crap="42" count="0"/>
        <line num="623" type="stmt" count="0"/>
        <line num="624" type="stmt" count="0"/>
        <line num="625" type="stmt" count="0"/>
        <line num="626" type="stmt" count="0"/>
        <line num="627" type="stmt" count="0"/>
        <line num="628" type="stmt" count="0"/>
        <line num="629" type="stmt" count="0"/>
        <line num="630" type="stmt" count="0"/>
        <line num="631" type="stmt" count="0"/>
        <line num="632" type="stmt" count="0"/>
        <line num="633" type="stmt" count="0"/>
        <line num="636" type="stmt" count="0"/>
        <line num="643" type="method" name="performAutomaticRestoration" visibility="protected" complexity="2" crap="6" count="0"/>
        <line num="646" type="stmt" count="0"/>
        <line num="648" type="stmt" count="0"/>
        <line num="650" type="stmt" count="0"/>
        <line num="657" type="method" name="performStagedRestoration" visibility="protected" complexity="3" crap="12" count="0"/>
        <line num="659" type="stmt" count="0"/>
        <line num="660" type="stmt" count="0"/>
        <line num="664" type="stmt" count="0"/>
        <line num="673" type="method" name="performGradualRestoration" visibility="protected" complexity="1" crap="2" count="0"/>
        <line num="677" type="stmt" count="0"/>
        <line num="682" type="method" name="scheduleRestorationVerification" visibility="protected" complexity="2" crap="6" count="0"/>
        <line num="685" type="stmt" count="0"/>
        <line num="693" type="method" name="stopRecurringBilling" visibility="protected" complexity="1" crap="2" count="0"/>
        <line num="696" type="stmt" count="0"/>
        <line num="701" type="method" name="resumeRecurringBilling" visibility="protected" complexity="1" crap="2" count="0"/>
        <line num="704" type="stmt" count="0"/>
        <line num="709" type="method" name="createCollectionNote" visibility="protected" complexity="2" crap="6" count="0"/>
        <line num="711" type="stmt" count="0"/>
        <line num="712" type="stmt" count="0"/>
        <line num="713" type="stmt" count="0"/>
        <line num="714" type="stmt" count="0"/>
        <line num="715" type="stmt" count="0"/>
        <line num="716" type="stmt" count="0"/>
        <line num="717" type="stmt" count="0"/>
        <line num="718" type="stmt" count="0"/>
        <line num="719" type="stmt" count="0"/>
        <line num="720" type="stmt" count="0"/>
        <line num="721" type="stmt" count="0"/>
        <line num="722" type="stmt" count="0"/>
        <line num="723" type="stmt" count="0"/>
        <line num="729" type="method" name="scopeActive" visibility="public" complexity="1" crap="2" count="0"/>
        <line num="731" type="stmt" count="0"/>
        <line num="737" type="method" name="scopePending" visibility="public" complexity="1" crap="2" count="0"/>
        <line num="739" type="stmt" count="0"/>
        <line num="745" type="method" name="scopeOfType" visibility="public" complexity="1" crap="2" count="0"/>
        <line num="747" type="stmt" count="0"/>
        <line num="753" type="method" name="scopeRequiresApproval" visibility="public" complexity="1" crap="2" count="0"/>
        <line num="755" type="stmt" count="0"/>
        <line num="756" type="stmt" count="0"/>
        <line num="762" type="method" name="scopeExpired" visibility="public" complexity="1" crap="2" count="0"/>
        <line num="764" type="stmt" count="0"/>
        <line num="765" type="stmt" count="0"/>
        <line num="771" type="method" name="generateHoldReference" visibility="public" complexity="1" crap="2" count="0"/>
        <line num="773" type="stmt" count="0"/>
        <line num="774" type="stmt" count="0"/>
        <line num="775" type="stmt" count="0"/>
        <line num="777" type="stmt" count="0"/>
        <line num="783" type="method" name="boot" visibility="protected" complexity="7" crap="56" count="0"/>
        <line num="785" type="stmt" count="0"/>
        <line num="787" type="stmt" count="0"/>
        <line num="788" type="stmt" count="0"/>
        <line num="789" type="stmt" count="0"/>
        <line num="791" type="stmt" count="0"/>
        <line num="792" type="stmt" count="0"/>
        <line num="796" type="stmt" count="0"/>
        <line num="797" type="stmt" count="0"/>
        <line num="799" type="stmt" count="0"/>
        <line num="801" type="stmt" count="0"/>
        <line num="803" type="stmt" count="0"/>
        <line num="804" type="stmt" count="0"/>
        <line num="807" type="stmt" count="0"/>
        <line num="808" type="stmt" count="0"/>
        <line num="811" type="stmt" count="0"/>
        <line num="813" type="stmt" count="0"/>
        <metrics loc="816" ncloc="576" classes="1" methods="37" coveredmethods="0" conditionals="0" coveredconditionals="0" statements="169" coveredstatements="0" elements="206" coveredelements="0"/>
      </file>
      <file name="/opt/nestogy/app/Models/Address.php">
        <class name="App\Models\Address" namespace="App\Models">
          <metrics complexity="12" methods="10" coveredmethods="0" conditionals="0" coveredconditionals="0" statements="34" coveredstatements="0" elements="44" coveredelements="0"/>
        </class>
        <line num="78" type="method" name="client" visibility="public" complexity="1" crap="2" count="0"/>
        <line num="80" type="stmt" count="0"/>
        <line num="86" type="method" name="getFormattedAddressAttribute" visibility="public" complexity="2" crap="6" count="0"/>
        <line num="88" type="stmt" count="0"/>
        <line num="89" type="stmt" count="0"/>
        <line num="90" type="stmt" count="0"/>
        <line num="91" type="stmt" count="0"/>
        <line num="92" type="stmt" count="0"/>
        <line num="93" type="stmt" count="0"/>
        <line num="95" type="stmt" count="0"/>
        <line num="101" type="method" name="getDisplayNameAttribute" visibility="public" complexity="2" crap="6" count="0"/>
        <line num="103" type="stmt" count="0"/>
        <line num="105" type="stmt" count="0"/>
        <line num="106" type="stmt" count="0"/>
        <line num="109" type="stmt" count="0"/>
        <line num="115" type="method" name="isPrimary" visibility="public" complexity="1" crap="2" count="0"/>
        <line num="117" type="stmt" count="0"/>
        <line num="123" type="method" name="scopePrimary" visibility="public" complexity="1" crap="2" count="0"/>
        <line num="125" type="stmt" count="0"/>
        <line num="131" type="method" name="scopeOfType" visibility="public" complexity="1" crap="2" count="0"/>
        <line num="133" type="stmt" count="0"/>
        <line num="139" type="method" name="scopeForClient" visibility="public" complexity="1" crap="2" count="0"/>
        <line num="141" type="stmt" count="0"/>
        <line num="147" type="method" name="getTypes" visibility="public" complexity="1" crap="2" count="0"/>
        <line num="149" type="stmt" count="0"/>
        <line num="150" type="stmt" count="0"/>
        <line num="151" type="stmt" count="0"/>
        <line num="152" type="stmt" count="0"/>
        <line num="153" type="stmt" count="0"/>
        <line num="154" type="stmt" count="0"/>
        <line num="160" type="method" name="getValidationRules" visibility="public" complexity="1" crap="2" count="0"/>
        <line num="162" type="stmt" count="0"/>
        <line num="163" type="stmt" count="0"/>
        <line num="164" type="stmt" count="0"/>
        <line num="165" type="stmt" count="0"/>
        <line num="166" type="stmt" count="0"/>
        <line num="167" type="stmt" count="0"/>
        <line num="168" type="stmt" count="0"/>
        <line num="169" type="stmt" count="0"/>
        <line num="170" type="stmt" count="0"/>
        <line num="171" type="stmt" count="0"/>
        <line num="172" type="stmt" count="0"/>
        <line num="178" type="method" name="getUpdateValidationRules" visibility="public" complexity="1" crap="2" count="0"/>
        <line num="180" type="stmt" count="0"/>
        <metrics loc="183" ncloc="121" classes="1" methods="10" coveredmethods="0" conditionals="0" coveredconditionals="0" statements="34" coveredstatements="0" elements="44" coveredelements="0"/>
      </file>
      <file name="/opt/nestogy/app/Models/AnalyticsSnapshot.php">
        <class name="App\Models\AnalyticsSnapshot" namespace="App\Models">
          <metrics complexity="18" methods="11" coveredmethods="0" conditionals="0" coveredconditionals="0" statements="94" coveredstatements="0" elements="105" coveredelements="0"/>
        </class>
        <line num="168" type="method" name="createSnapshot" visibility="public" complexity="1" crap="2" count="0"/>
        <line num="175" type="stmt" count="0"/>
        <line num="176" type="stmt" count="0"/>
        <line num="177" type="stmt" count="0"/>
        <line num="178" type="stmt" count="0"/>
        <line num="179" type="stmt" count="0"/>
        <line num="180" type="stmt" count="0"/>
        <line num="181" type="stmt" count="0"/>
        <line num="182" type="stmt" count="0"/>
        <line num="183" type="stmt" count="0"/>
        <line num="184" type="stmt" count="0"/>
        <line num="185" type="stmt" count="0"/>
        <line num="186" type="stmt" count="0"/>
        <line num="187" type="stmt" count="0"/>
        <line num="188" type="stmt" count="0"/>
        <line num="189" type="stmt" count="0"/>
        <line num="190" type="stmt" count="0"/>
        <line num="191" type="stmt" count="0"/>
        <line num="192" type="stmt" count="0"/>
        <line num="193" type="stmt" count="0"/>
        <line num="194" type="stmt" count="0"/>
        <line num="195" type="stmt" count="0"/>
        <line num="196" type="stmt" count="0"/>
        <line num="197" type="stmt" count="0"/>
        <line num="198" type="stmt" count="0"/>
        <line num="199" type="stmt" count="0"/>
        <line num="200" type="stmt" count="0"/>
        <line num="201" type="stmt" count="0"/>
        <line num="202" type="stmt" count="0"/>
        <line num="203" type="stmt" count="0"/>
        <line num="204" type="stmt" count="0"/>
        <line num="205" type="stmt" count="0"/>
        <line num="206" type="stmt" count="0"/>
        <line num="207" type="stmt" count="0"/>
        <line num="208" type="stmt" count="0"/>
        <line num="209" type="stmt" count="0"/>
        <line num="210" type="stmt" count="0"/>
        <line num="216" type="method" name="getTrendComparison" visibility="public" complexity="8" crap="72" count="0"/>
        <line num="218" type="stmt" count="0"/>
        <line num="219" type="stmt" count="0"/>
        <line num="220" type="stmt" count="0"/>
        <line num="221" type="stmt" count="0"/>
        <line num="222" type="stmt" count="0"/>
        <line num="223" type="stmt" count="0"/>
        <line num="225" type="stmt" count="0"/>
        <line num="226" type="stmt" count="0"/>
        <line num="229" type="stmt" count="0"/>
        <line num="230" type="stmt" count="0"/>
        <line num="231" type="stmt" count="0"/>
        <line num="232" type="stmt" count="0"/>
        <line num="233" type="stmt" count="0"/>
        <line num="234" type="stmt" count="0"/>
        <line num="235" type="stmt" count="0"/>
        <line num="236" type="stmt" count="0"/>
        <line num="238" type="stmt" count="0"/>
        <line num="239" type="stmt" count="0"/>
        <line num="240" type="stmt" count="0"/>
        <line num="241" type="stmt" count="0"/>
        <line num="243" type="stmt" count="0"/>
        <line num="244" type="stmt" count="0"/>
        <line num="245" type="stmt" count="0"/>
        <line num="246" type="stmt" count="0"/>
        <line num="247" type="stmt" count="0"/>
        <line num="248" type="stmt" count="0"/>
        <line num="249" type="stmt" count="0"/>
        <line num="250" type="stmt" count="0"/>
        <line num="251" type="stmt" count="0"/>
        <line num="256" type="stmt" count="0"/>
        <line num="262" type="method" name="markAsProcessing" visibility="public" complexity="1" crap="2" count="0"/>
        <line num="264" type="stmt" count="0"/>
        <line num="270" type="method" name="markAsCompleted" visibility="public" complexity="1" crap="2" count="0"/>
        <line num="272" type="stmt" count="0"/>
        <line num="273" type="stmt" count="0"/>
        <line num="274" type="stmt" count="0"/>
        <line num="275" type="stmt" count="0"/>
        <line num="276" type="stmt" count="0"/>
        <line num="282" type="method" name="markAsError" visibility="public" complexity="1" crap="2" count="0"/>
        <line num="284" type="stmt" count="0"/>
        <line num="285" type="stmt" count="0"/>
        <line num="286" type="stmt" count="0"/>
        <line num="287" type="stmt" count="0"/>
        <line num="293" type="method" name="scopeByType" visibility="public" complexity="1" crap="2" count="0"/>
        <line num="295" type="stmt" count="0"/>
        <line num="301" type="method" name="scopeByCategory" visibility="public" complexity="1" crap="2" count="0"/>
        <line num="303" type="stmt" count="0"/>
        <line num="309" type="method" name="scopeByDateRange" visibility="public" complexity="1" crap="2" count="0"/>
        <line num="311" type="stmt" count="0"/>
        <line num="317" type="method" name="scopeCompleted" visibility="public" complexity="1" crap="2" count="0"/>
        <line num="319" type="stmt" count="0"/>
        <line num="325" type="method" name="getAvailableTypes" visibility="public" complexity="1" crap="2" count="0"/>
        <line num="327" type="stmt" count="0"/>
        <line num="328" type="stmt" count="0"/>
        <line num="329" type="stmt" count="0"/>
        <line num="330" type="stmt" count="0"/>
        <line num="331" type="stmt" count="0"/>
        <line num="332" type="stmt" count="0"/>
        <line num="333" type="stmt" count="0"/>
        <line num="339" type="method" name="getAvailableCategories" visibility="public" complexity="1" crap="2" count="0"/>
        <line num="341" type="stmt" count="0"/>
        <line num="342" type="stmt" count="0"/>
        <line num="343" type="stmt" count="0"/>
        <line num="344" type="stmt" count="0"/>
        <line num="345" type="stmt" count="0"/>
        <line num="346" type="stmt" count="0"/>
        <line num="347" type="stmt" count="0"/>
        <metrics loc="350" ncloc="270" classes="1" methods="11" coveredmethods="0" conditionals="0" coveredconditionals="0" statements="94" coveredstatements="0" elements="105" coveredelements="0"/>
      </file>
      <file name="/opt/nestogy/app/Models/Asset.php">
        <class name="App\Models\Asset" namespace="App\Models">
          <metrics complexity="60" methods="52" coveredmethods="0" conditionals="0" coveredconditionals="0" statements="98" coveredstatements="0" elements="150" coveredelements="0"/>
        </class>
        <line num="121" type="method" name="client" visibility="public" complexity="1" crap="2" count="0"/>
        <line num="123" type="stmt" count="0"/>
        <line num="129" type="method" name="vendor" visibility="public" complexity="1" crap="2" count="0"/>
        <line num="131" type="stmt" count="0"/>
        <line num="137" type="method" name="location" visibility="public" complexity="1" crap="2" count="0"/>
        <line num="139" type="stmt" count="0"/>
        <line num="145" type="method" name="contact" visibility="public" complexity="1" crap="2" count="0"/>
        <line num="147" type="stmt" count="0"/>
        <line num="153" type="method" name="assignedTo" visibility="public" complexity="1" crap="2" count="0"/>
        <line num="155" type="stmt" count="0"/>
        <line num="161" type="method" name="network" visibility="public" complexity="1" crap="2" count="0"/>
        <line num="163" type="stmt" count="0"/>
        <line num="169" type="method" name="supportingContract" visibility="public" complexity="1" crap="2" count="0"/>
        <line num="171" type="stmt" count="0"/>
        <line num="177" type="method" name="supportingSchedule" visibility="public" complexity="1" crap="2" count="0"/>
        <line num="179" type="stmt" count="0"/>
        <line num="185" type="method" name="supportAssignedBy" visibility="public" complexity="1" crap="2" count="0"/>
        <line num="187" type="stmt" count="0"/>
        <line num="193" type="method" name="tickets" visibility="public" complexity="1" crap="2" count="0"/>
        <line num="195" type="stmt" count="0"/>
        <line num="201" type="method" name="logins" visibility="public" complexity="1" crap="2" count="0"/>
        <line num="203" type="stmt" count="0"/>
        <line num="209" type="method" name="documents" visibility="public" complexity="1" crap="2" count="0"/>
        <line num="211" type="stmt" count="0"/>
        <line num="217" type="method" name="files" visibility="public" complexity="1" crap="2" count="0"/>
        <line num="219" type="stmt" count="0"/>
        <line num="225" type="method" name="warranties" visibility="public" complexity="1" crap="2" count="0"/>
        <line num="227" type="stmt" count="0"/>
        <line num="233" type="method" name="maintenances" visibility="public" complexity="1" crap="2" count="0"/>
        <line num="235" type="stmt" count="0"/>
        <line num="241" type="method" name="depreciations" visibility="public" complexity="1" crap="2" count="0"/>
        <line num="243" type="stmt" count="0"/>
        <line num="249" type="method" name="scopeOfType" visibility="public" complexity="1" crap="2" count="0"/>
        <line num="251" type="stmt" count="0"/>
        <line num="257" type="method" name="scopeWithStatus" visibility="public" complexity="1" crap="2" count="0"/>
        <line num="259" type="stmt" count="0"/>
        <line num="265" type="method" name="scopeAtLocation" visibility="public" complexity="1" crap="2" count="0"/>
        <line num="267" type="stmt" count="0"/>
        <line num="273" type="method" name="scopeAssignedTo" visibility="public" complexity="1" crap="2" count="0"/>
        <line num="275" type="stmt" count="0"/>
        <line num="281" type="method" name="scopeWarrantyExpiringSoon" visibility="public" complexity="1" crap="2" count="0"/>
        <line num="283" type="stmt" count="0"/>
        <line num="284" type="stmt" count="0"/>
        <line num="290" type="method" name="getFullNameAttribute" visibility="public" complexity="1" crap="2" count="0"/>
        <line num="292" type="stmt" count="0"/>
        <line num="298" type="method" name="getIsWarrantyExpiredAttribute" visibility="public" complexity="2" crap="6" count="0"/>
        <line num="300" type="stmt" count="0"/>
        <line num="306" type="method" name="getIsWarrantyExpiringSoonAttribute" visibility="public" complexity="3" crap="12" count="0"/>
        <line num="308" type="stmt" count="0"/>
        <line num="309" type="stmt" count="0"/>
        <line num="310" type="stmt" count="0"/>
        <line num="316" type="method" name="getAgeInYearsAttribute" visibility="public" complexity="2" crap="6" count="0"/>
        <line num="318" type="stmt" count="0"/>
        <line num="319" type="stmt" count="0"/>
        <line num="322" type="stmt" count="0"/>
        <line num="328" type="method" name="getQrCodeDataAttribute" visibility="public" complexity="1" crap="2" count="0"/>
        <line num="330" type="stmt" count="0"/>
        <line num="336" type="method" name="getIconAttribute" visibility="public" complexity="1" crap="2" count="0"/>
        <line num="338" type="stmt" count="0"/>
        <line num="339" type="stmt" count="0"/>
        <line num="340" type="stmt" count="0"/>
        <line num="341" type="stmt" count="0"/>
        <line num="342" type="stmt" count="0"/>
        <line num="343" type="stmt" count="0"/>
        <line num="344" type="stmt" count="0"/>
        <line num="345" type="stmt" count="0"/>
        <line num="346" type="stmt" count="0"/>
        <line num="347" type="stmt" count="0"/>
        <line num="348" type="stmt" count="0"/>
        <line num="349" type="stmt" count="0"/>
        <line num="350" type="stmt" count="0"/>
        <line num="352" type="stmt" count="0"/>
        <line num="358" type="method" name="getStatusColorAttribute" visibility="public" complexity="1" crap="2" count="0"/>
        <line num="360" type="stmt" count="0"/>
        <line num="361" type="stmt" count="0"/>
        <line num="362" type="stmt" count="0"/>
        <line num="363" type="stmt" count="0"/>
        <line num="364" type="stmt" count="0"/>
        <line num="365" type="stmt" count="0"/>
        <line num="366" type="stmt" count="0"/>
        <line num="367" type="stmt" count="0"/>
        <line num="368" type="stmt" count="0"/>
        <line num="369" type="stmt" count="0"/>
        <line num="371" type="stmt" count="0"/>
        <line num="377" type="method" name="touchAccessed" visibility="public" complexity="1" crap="2" count="0"/>
        <line num="379" type="stmt" count="0"/>
        <line num="380" type="stmt" count="0"/>
        <line num="386" type="method" name="deviceMappings" visibility="public" complexity="1" crap="2" count="0"/>
        <line num="388" type="stmt" count="0"/>
        <line num="394" type="method" name="hasRmmConnection" visibility="public" complexity="1" crap="2" count="0"/>
        <line num="396" type="stmt" count="0"/>
        <line num="402" type="method" name="primaryRmmConnection" visibility="public" complexity="1" crap="2" count="0"/>
        <line num="404" type="stmt" count="0"/>
        <line num="410" type="method" name="supportsRemoteManagement" visibility="public" complexity="2" crap="6" count="0"/>
        <line num="412" type="stmt" count="0"/>
        <line num="413" type="stmt" count="0"/>
        <line num="421" type="method" name="isSupported" visibility="public" complexity="1" crap="2" count="0"/>
        <line num="423" type="stmt" count="0"/>
        <line num="429" type="method" name="isUnsupported" visibility="public" complexity="1" crap="2" count="0"/>
        <line num="431" type="stmt" count="0"/>
        <line num="437" type="method" name="isExcludedFromSupport" visibility="public" complexity="1" crap="2" count="0"/>
        <line num="439" type="stmt" count="0"/>
        <line num="445" type="method" name="hasPendingSupportAssignment" visibility="public" complexity="1" crap="2" count="0"/>
        <line num="447" type="stmt" count="0"/>
        <line num="453" type="method" name="hasAutoAssignedSupport" visibility="public" complexity="1" crap="2" count="0"/>
        <line num="455" type="stmt" count="0"/>
        <line num="461" type="method" name="getSupportStatusColorAttribute" visibility="public" complexity="1" crap="2" count="0"/>
        <line num="463" type="stmt" count="0"/>
        <line num="464" type="stmt" count="0"/>
        <line num="465" type="stmt" count="0"/>
        <line num="466" type="stmt" count="0"/>
        <line num="467" type="stmt" count="0"/>
        <line num="468" type="stmt" count="0"/>
        <line num="470" type="stmt" count="0"/>
        <line num="476" type="method" name="getSupportStatusDisplayAttribute" visibility="public" complexity="1" crap="2" count="0"/>
        <line num="478" type="stmt" count="0"/>
        <line num="484" type="method" name="getSupportLevelDisplayAttribute" visibility="public" complexity="2" crap="6" count="0"/>
        <line num="486" type="stmt" count="0"/>
        <line num="487" type="stmt" count="0"/>
        <line num="490" type="stmt" count="0"/>
        <line num="496" type="method" name="needsSupportEvaluation" visibility="public" complexity="2" crap="6" count="0"/>
        <line num="498" type="stmt" count="0"/>
        <line num="499" type="stmt" count="0"/>
        <line num="502" type="stmt" count="0"/>
        <line num="508" type="method" name="daysSinceLastSupportEvaluation" visibility="public" complexity="2" crap="6" count="0"/>
        <line num="510" type="stmt" count="0"/>
        <line num="511" type="stmt" count="0"/>
        <line num="514" type="stmt" count="0"/>
        <line num="520" type="method" name="scopeSupported" visibility="public" complexity="1" crap="2" count="0"/>
        <line num="522" type="stmt" count="0"/>
        <line num="528" type="method" name="scopeUnsupported" visibility="public" complexity="1" crap="2" count="0"/>
        <line num="530" type="stmt" count="0"/>
        <line num="536" type="method" name="scopeExcludedFromSupport" visibility="public" complexity="1" crap="2" count="0"/>
        <line num="538" type="stmt" count="0"/>
        <line num="544" type="method" name="scopePendingSupportAssignment" visibility="public" complexity="1" crap="2" count="0"/>
        <line num="546" type="stmt" count="0"/>
        <line num="552" type="method" name="scopeAutoAssignedSupport" visibility="public" complexity="1" crap="2" count="0"/>
        <line num="554" type="stmt" count="0"/>
        <line num="560" type="method" name="scopeBySupportLevel" visibility="public" complexity="1" crap="2" count="0"/>
        <line num="562" type="stmt" count="0"/>
        <line num="568" type="method" name="scopeNeedingSupportEvaluation" visibility="public" complexity="1" crap="2" count="0"/>
        <line num="570" type="stmt" count="0"/>
        <line num="572" type="stmt" count="0"/>
        <line num="573" type="stmt" count="0"/>
        <line num="574" type="stmt" count="0"/>
        <line num="575" type="stmt" count="0"/>
        <line num="581" type="method" name="scopeWithSupportContract" visibility="public" complexity="1" crap="2" count="0"/>
        <line num="583" type="stmt" count="0"/>
        <line num="589" type="method" name="scopeWithSupportSchedule" visibility="public" complexity="1" crap="2" count="0"/>
        <line num="591" type="stmt" count="0"/>
        <metrics loc="594" ncloc="433" classes="1" methods="52" coveredmethods="0" conditionals="0" coveredconditionals="0" statements="98" coveredstatements="0" elements="150" coveredelements="0"/>
      </file>
      <file name="/opt/nestogy/app/Models/AuditLog.php">
        <class name="App\Models\AuditLog" namespace="App\Models">
          <metrics complexity="13" methods="11" coveredmethods="0" conditionals="0" coveredconditionals="0" statements="52" coveredstatements="0" elements="63" coveredelements="0"/>
        </class>
        <line num="89" type="method" name="user" visibility="public" complexity="1" crap="2" count="0"/>
        <line num="91" type="stmt" count="0"/>
        <line num="97" type="method" name="company" visibility="public" complexity="1" crap="2" count="0"/>
        <line num="99" type="stmt" count="0"/>
        <line num="105" type="method" name="auditable" visibility="public" complexity="3" crap="12" count="0"/>
        <line num="107" type="stmt" count="0"/>
        <line num="108" type="stmt" count="0"/>
        <line num="111" type="stmt" count="0"/>
        <line num="117" type="method" name="logSecurity" visibility="public" complexity="1" crap="2" count="0"/>
        <line num="119" type="stmt" count="0"/>
        <line num="120" type="stmt" count="0"/>
        <line num="121" type="stmt" count="0"/>
        <line num="122" type="stmt" count="0"/>
        <line num="123" type="stmt" count="0"/>
        <line num="124" type="stmt" count="0"/>
        <line num="125" type="stmt" count="0"/>
        <line num="126" type="stmt" count="0"/>
        <line num="127" type="stmt" count="0"/>
        <line num="128" type="stmt" count="0"/>
        <line num="129" type="stmt" count="0"/>
        <line num="130" type="stmt" count="0"/>
        <line num="131" type="stmt" count="0"/>
        <line num="137" type="method" name="logApi" visibility="public" complexity="1" crap="2" count="0"/>
        <line num="139" type="stmt" count="0"/>
        <line num="140" type="stmt" count="0"/>
        <line num="141" type="stmt" count="0"/>
        <line num="142" type="stmt" count="0"/>
        <line num="143" type="stmt" count="0"/>
        <line num="144" type="stmt" count="0"/>
        <line num="145" type="stmt" count="0"/>
        <line num="146" type="stmt" count="0"/>
        <line num="147" type="stmt" count="0"/>
        <line num="148" type="stmt" count="0"/>
        <line num="149" type="stmt" count="0"/>
        <line num="150" type="stmt" count="0"/>
        <line num="151" type="stmt" count="0"/>
        <line num="157" type="method" name="logModel" visibility="public" complexity="1" crap="2" count="0"/>
        <line num="159" type="stmt" count="0"/>
        <line num="160" type="stmt" count="0"/>
        <line num="161" type="stmt" count="0"/>
        <line num="162" type="stmt" count="0"/>
        <line num="163" type="stmt" count="0"/>
        <line num="164" type="stmt" count="0"/>
        <line num="165" type="stmt" count="0"/>
        <line num="166" type="stmt" count="0"/>
        <line num="167" type="stmt" count="0"/>
        <line num="168" type="stmt" count="0"/>
        <line num="169" type="stmt" count="0"/>
        <line num="170" type="stmt" count="0"/>
        <line num="171" type="stmt" count="0"/>
        <line num="172" type="stmt" count="0"/>
        <line num="173" type="stmt" count="0"/>
        <line num="174" type="stmt" count="0"/>
        <line num="180" type="method" name="scopeEventType" visibility="public" complexity="1" crap="2" count="0"/>
        <line num="182" type="stmt" count="0"/>
        <line num="188" type="method" name="scopeSeverity" visibility="public" complexity="1" crap="2" count="0"/>
        <line num="190" type="stmt" count="0"/>
        <line num="196" type="method" name="scopeByUser" visibility="public" complexity="1" crap="2" count="0"/>
        <line num="198" type="stmt" count="0"/>
        <line num="204" type="method" name="scopeByCompany" visibility="public" complexity="1" crap="2" count="0"/>
        <line num="206" type="stmt" count="0"/>
        <line num="212" type="method" name="scopeDateRange" visibility="public" complexity="1" crap="2" count="0"/>
        <line num="214" type="stmt" count="0"/>
        <metrics loc="217" ncloc="168" classes="1" methods="11" coveredmethods="0" conditionals="0" coveredconditionals="0" statements="52" coveredstatements="0" elements="63" coveredelements="0"/>
      </file>
      <file name="/opt/nestogy/app/Models/AutoPayment.php">
        <class name="App\Models\AutoPayment" namespace="App\Models">
          <metrics complexity="89" methods="37" coveredmethods="0" conditionals="0" coveredconditionals="0" statements="185" coveredstatements="0" elements="222" coveredelements="0"/>
        </class>
        <line num="297" type="method" name="client" visibility="public" complexity="1" crap="2" count="0"/>
        <line num="299" type="stmt" count="0"/>
        <line num="305" type="method" name="company" visibility="public" complexity="1" crap="2" count="0"/>
        <line num="307" type="stmt" count="0"/>
        <line num="313" type="method" name="paymentMethod" visibility="public" complexity="1" crap="2" count="0"/>
        <line num="315" type="stmt" count="0"/>
        <line num="321" type="method" name="creator" visibility="public" complexity="1" crap="2" count="0"/>
        <line num="323" type="stmt" count="0"/>
        <line num="329" type="method" name="updater" visibility="public" complexity="1" crap="2" count="0"/>
        <line num="331" type="stmt" count="0"/>
        <line num="337" type="method" name="canceller" visibility="public" complexity="1" crap="2" count="0"/>
        <line num="339" type="stmt" count="0"/>
        <line num="345" type="method" name="payments" visibility="public" complexity="1" crap="2" count="0"/>
        <line num="347" type="stmt" count="0"/>
        <line num="353" type="method" name="isActive" visibility="public" complexity="4" crap="20" count="0"/>
        <line num="355" type="stmt" count="0"/>
        <line num="356" type="stmt" count="0"/>
        <line num="357" type="stmt" count="0"/>
        <line num="358" type="stmt" count="0"/>
        <line num="364" type="method" name="isPaused" visibility="public" complexity="4" crap="20" count="0"/>
        <line num="366" type="stmt" count="0"/>
        <line num="367" type="stmt" count="0"/>
        <line num="370" type="stmt" count="0"/>
        <line num="371" type="stmt" count="0"/>
        <line num="374" type="stmt" count="0"/>
        <line num="380" type="method" name="isExpired" visibility="public" complexity="2" crap="6" count="0"/>
        <line num="382" type="stmt" count="0"/>
        <line num="388" type="method" name="isCancelled" visibility="public" complexity="2" crap="6" count="0"/>
        <line num="390" type="stmt" count="0"/>
        <line num="396" type="method" name="isSuspended" visibility="public" complexity="1" crap="2" count="0"/>
        <line num="398" type="stmt" count="0"/>
        <line num="404" type="method" name="isDueForProcessing" visibility="public" complexity="3" crap="12" count="0"/>
        <line num="406" type="stmt" count="0"/>
        <line num="407" type="stmt" count="0"/>
        <line num="410" type="stmt" count="0"/>
        <line num="411" type="stmt" count="0"/>
        <line num="414" type="stmt" count="0"/>
        <line num="420" type="method" name="hasValidPaymentMethod" visibility="public" complexity="3" crap="12" count="0"/>
        <line num="422" type="stmt" count="0"/>
        <line num="423" type="stmt" count="0"/>
        <line num="424" type="stmt" count="0"/>
        <line num="430" type="method" name="getDisplayName" visibility="public" complexity="6" crap="42" count="0"/>
        <line num="432" type="stmt" count="0"/>
        <line num="433" type="stmt" count="0"/>
        <line num="436" type="stmt" count="0"/>
        <line num="437" type="stmt" count="0"/>
        <line num="438" type="stmt" count="0"/>
        <line num="439" type="stmt" count="0"/>
        <line num="440" type="stmt" count="0"/>
        <line num="441" type="stmt" count="0"/>
        <line num="442" type="stmt" count="0"/>
        <line num="444" type="stmt" count="0"/>
        <line num="451" type="method" name="getSuccessRate" visibility="public" complexity="2" crap="6" count="0"/>
        <line num="453" type="stmt" count="0"/>
        <line num="454" type="stmt" count="0"/>
        <line num="457" type="stmt" count="0"/>
        <line num="463" type="method" name="hasGoodHealth" visibility="public" complexity="5" crap="30" count="0"/>
        <line num="466" type="stmt" count="0"/>
        <line num="467" type="stmt" count="0"/>
        <line num="471" type="stmt" count="0"/>
        <line num="472" type="stmt" count="0"/>
        <line num="476" type="stmt" count="0"/>
        <line num="477" type="stmt" count="0"/>
        <line num="480" type="stmt" count="0"/>
        <line num="486" type="method" name="activate" visibility="public" complexity="1" crap="2" count="0"/>
        <line num="488" type="stmt" count="0"/>
        <line num="489" type="stmt" count="0"/>
        <line num="490" type="stmt" count="0"/>
        <line num="491" type="stmt" count="0"/>
        <line num="492" type="stmt" count="0"/>
        <line num="493" type="stmt" count="0"/>
        <line num="499" type="method" name="deactivate" visibility="public" complexity="1" crap="2" count="0"/>
        <line num="501" type="stmt" count="0"/>
        <line num="502" type="stmt" count="0"/>
        <line num="503" type="stmt" count="0"/>
        <line num="504" type="stmt" count="0"/>
        <line num="505" type="stmt" count="0"/>
        <line num="511" type="method" name="pause" visibility="public" complexity="1" crap="2" count="0"/>
        <line num="513" type="stmt" count="0"/>
        <line num="514" type="stmt" count="0"/>
        <line num="515" type="stmt" count="0"/>
        <line num="516" type="stmt" count="0"/>
        <line num="517" type="stmt" count="0"/>
        <line num="523" type="method" name="resume" visibility="public" complexity="1" crap="2" count="0"/>
        <line num="525" type="stmt" count="0"/>
        <line num="526" type="stmt" count="0"/>
        <line num="527" type="stmt" count="0"/>
        <line num="528" type="stmt" count="0"/>
        <line num="529" type="stmt" count="0"/>
        <line num="535" type="method" name="cancel" visibility="public" complexity="1" crap="2" count="0"/>
        <line num="537" type="stmt" count="0"/>
        <line num="538" type="stmt" count="0"/>
        <line num="539" type="stmt" count="0"/>
        <line num="540" type="stmt" count="0"/>
        <line num="541" type="stmt" count="0"/>
        <line num="542" type="stmt" count="0"/>
        <line num="543" type="stmt" count="0"/>
        <line num="549" type="method" name="suspend" visibility="public" complexity="1" crap="2" count="0"/>
        <line num="551" type="stmt" count="0"/>
        <line num="552" type="stmt" count="0"/>
        <line num="553" type="stmt" count="0"/>
        <line num="554" type="stmt" count="0"/>
        <line num="560" type="method" name="recordSuccessfulPayment" visibility="public" complexity="1" crap="2" count="0"/>
        <line num="562" type="stmt" count="0"/>
        <line num="563" type="stmt" count="0"/>
        <line num="564" type="stmt" count="0"/>
        <line num="565" type="stmt" count="0"/>
        <line num="566" type="stmt" count="0"/>
        <line num="567" type="stmt" count="0"/>
        <line num="568" type="stmt" count="0"/>
        <line num="569" type="stmt" count="0"/>
        <line num="570" type="stmt" count="0"/>
        <line num="571" type="stmt" count="0"/>
        <line num="577" type="method" name="recordFailedPayment" visibility="public" complexity="2" crap="6" count="0"/>
        <line num="579" type="stmt" count="0"/>
        <line num="580" type="stmt" count="0"/>
        <line num="581" type="stmt" count="0"/>
        <line num="582" type="stmt" count="0"/>
        <line num="583" type="stmt" count="0"/>
        <line num="584" type="stmt" count="0"/>
        <line num="587" type="stmt" count="0"/>
        <line num="588" type="stmt" count="0"/>
        <line num="589" type="stmt" count="0"/>
        <line num="590" type="stmt" count="0"/>
        <line num="591" type="stmt" count="0"/>
        <line num="592" type="stmt" count="0"/>
        <line num="593" type="stmt" count="0"/>
        <line num="594" type="stmt" count="0"/>
        <line num="595" type="stmt" count="0"/>
        <line num="601" type="method" name="calculateNextProcessingDate" visibility="public" complexity="7" crap="56" count="0"/>
        <line num="603" type="stmt" count="0"/>
        <line num="605" type="stmt" count="0"/>
        <line num="608" type="stmt" count="0"/>
        <line num="610" type="stmt" count="0"/>
        <line num="611" type="stmt" count="0"/>
        <line num="612" type="stmt" count="0"/>
        <line num="613" type="stmt" count="0"/>
        <line num="614" type="stmt" count="0"/>
        <line num="615" type="stmt" count="0"/>
        <line num="616" type="stmt" count="0"/>
        <line num="617" type="stmt" count="0"/>
        <line num="618" type="stmt" count="0"/>
        <line num="620" type="stmt" count="0"/>
        <line num="627" type="method" name="calculateRetryProcessingDate" visibility="public" complexity="3" crap="12" count="0"/>
        <line num="629" type="stmt" count="0"/>
        <line num="630" type="stmt" count="0"/>
        <line num="633" type="stmt" count="0"/>
        <line num="635" type="stmt" count="0"/>
        <line num="637" type="stmt" count="0"/>
        <line num="640" type="stmt" count="0"/>
        <line num="641" type="stmt" count="0"/>
        <line num="642" type="stmt" count="0"/>
        <line num="644" type="stmt" count="0"/>
        <line num="650" type="method" name="isAmountWithinLimits" visibility="public" complexity="9" crap="90" count="0"/>
        <line num="652" type="stmt" count="0"/>
        <line num="653" type="stmt" count="0"/>
        <line num="656" type="stmt" count="0"/>
        <line num="657" type="stmt" count="0"/>
        <line num="660" type="stmt" count="0"/>
        <line num="661" type="stmt" count="0"/>
        <line num="664" type="stmt" count="0"/>
        <line num="665" type="stmt" count="0"/>
        <line num="668" type="stmt" count="0"/>
        <line num="674" type="method" name="getDailyUsage" visibility="public" complexity="1" crap="2" count="0"/>
        <line num="676" type="stmt" count="0"/>
        <line num="677" type="stmt" count="0"/>
        <line num="678" type="stmt" count="0"/>
        <line num="679" type="stmt" count="0"/>
        <line num="685" type="method" name="getMonthlyUsage" visibility="public" complexity="1" crap="2" count="0"/>
        <line num="687" type="stmt" count="0"/>
        <line num="688" type="stmt" count="0"/>
        <line num="689" type="stmt" count="0"/>
        <line num="690" type="stmt" count="0"/>
        <line num="691" type="stmt" count="0"/>
        <line num="697" type="method" name="isInvoiceTypeAllowed" visibility="public" complexity="5" crap="30" count="0"/>
        <line num="700" type="stmt" count="0"/>
        <line num="701" type="stmt" count="0"/>
        <line num="705" type="stmt" count="0"/>
        <line num="706" type="stmt" count="0"/>
        <line num="709" type="stmt" count="0"/>
        <line num="715" type="method" name="getPaymentAmount" visibility="public" complexity="4" crap="20" count="0"/>
        <line num="717" type="stmt" count="0"/>
        <line num="718" type="stmt" count="0"/>
        <line num="721" type="stmt" count="0"/>
        <line num="722" type="stmt" count="0"/>
        <line num="725" type="stmt" count="0"/>
        <line num="726" type="stmt" count="0"/>
        <line num="729" type="stmt" count="0"/>
        <line num="735" type="method" name="scopeActive" visibility="public" complexity="1" crap="2" count="0"/>
        <line num="737" type="stmt" count="0"/>
        <line num="738" type="stmt" count="0"/>
        <line num="739" type="stmt" count="0"/>
        <line num="740" type="stmt" count="0"/>
        <line num="741" type="stmt" count="0"/>
        <line num="742" type="stmt" count="0"/>
        <line num="748" type="method" name="scopeDueForProcessing" visibility="public" complexity="1" crap="2" count="0"/>
        <line num="750" type="stmt" count="0"/>
        <line num="751" type="stmt" count="0"/>
        <line num="752" type="stmt" count="0"/>
        <line num="753" type="stmt" count="0"/>
        <line num="754" type="stmt" count="0"/>
        <line num="755" type="stmt" count="0"/>
        <line num="756" type="stmt" count="0"/>
        <line num="762" type="method" name="scopeByType" visibility="public" complexity="1" crap="2" count="0"/>
        <line num="764" type="stmt" count="0"/>
        <line num="770" type="method" name="scopeWithFailures" visibility="public" complexity="1" crap="2" count="0"/>
        <line num="772" type="stmt" count="0"/>
        <line num="778" type="method" name="boot" visibility="protected" complexity="7" crap="56" count="0"/>
        <line num="780" type="stmt" count="0"/>
        <line num="782" type="stmt" count="0"/>
        <line num="783" type="stmt" count="0"/>
        <line num="784" type="stmt" count="0"/>
        <line num="787" type="stmt" count="0"/>
        <line num="788" type="stmt" count="0"/>
        <line num="790" type="stmt" count="0"/>
        <line num="792" type="stmt" count="0"/>
        <line num="793" type="stmt" count="0"/>
        <line num="794" type="stmt" count="0"/>
        <line num="795" type="stmt" count="0"/>
        <line num="796" type="stmt" count="0"/>
        <line num="798" type="stmt" count="0"/>
        <line num="801" type="stmt" count="0"/>
        <metrics loc="804" ncloc="581" classes="1" methods="37" coveredmethods="0" conditionals="0" coveredconditionals="0" statements="185" coveredstatements="0" elements="222" coveredelements="0"/>
      </file>
      <file name="/opt/nestogy/app/Models/CashFlowProjection.php">
        <class name="App\Models\CashFlowProjection" namespace="App\Models">
          <metrics complexity="21" methods="15" coveredmethods="0" conditionals="0" coveredconditionals="0" statements="71" coveredstatements="0" elements="86" coveredelements="0"/>
        </class>
        <line num="178" type="method" name="creator" visibility="public" complexity="1" crap="2" count="0"/>
        <line num="180" type="stmt" count="0"/>
        <line num="186" type="method" name="approver" visibility="public" complexity="1" crap="2" count="0"/>
        <line num="188" type="stmt" count="0"/>
        <line num="194" type="method" name="recordActuals" visibility="public" complexity="2" crap="6" count="0"/>
        <line num="196" type="stmt" count="0"/>
        <line num="197" type="stmt" count="0"/>
        <line num="198" type="stmt" count="0"/>
        <line num="199" type="stmt" count="0"/>
        <line num="201" type="stmt" count="0"/>
        <line num="202" type="stmt" count="0"/>
        <line num="203" type="stmt" count="0"/>
        <line num="204" type="stmt" count="0"/>
        <line num="205" type="stmt" count="0"/>
        <line num="206" type="stmt" count="0"/>
        <line num="207" type="stmt" count="0"/>
        <line num="208" type="stmt" count="0"/>
        <line num="214" type="method" name="calculateAccuracyRating" visibility="private" complexity="5" crap="30" count="0"/>
        <line num="216" type="stmt" count="0"/>
        <line num="218" type="stmt" count="0"/>
        <line num="219" type="stmt" count="0"/>
        <line num="220" type="stmt" count="0"/>
        <line num="221" type="stmt" count="0"/>
        <line num="222" type="stmt" count="0"/>
        <line num="223" type="stmt" count="0"/>
        <line num="229" type="method" name="isAccurate" visibility="public" complexity="2" crap="6" count="0"/>
        <line num="231" type="stmt" count="0"/>
        <line num="232" type="stmt" count="0"/>
        <line num="238" type="method" name="approve" visibility="public" complexity="1" crap="2" count="0"/>
        <line num="240" type="stmt" count="0"/>
        <line num="241" type="stmt" count="0"/>
        <line num="242" type="stmt" count="0"/>
        <line num="243" type="stmt" count="0"/>
        <line num="244" type="stmt" count="0"/>
        <line num="250" type="method" name="publish" visibility="public" complexity="1" crap="2" count="0"/>
        <line num="252" type="stmt" count="0"/>
        <line num="258" type="method" name="createScenarios" visibility="public" complexity="1" crap="2" count="0"/>
        <line num="260" type="stmt" count="0"/>
        <line num="261" type="stmt" count="0"/>
        <line num="263" type="stmt" count="0"/>
        <line num="264" type="stmt" count="0"/>
        <line num="265" type="stmt" count="0"/>
        <line num="266" type="stmt" count="0"/>
        <line num="267" type="stmt" count="0"/>
        <line num="268" type="stmt" count="0"/>
        <line num="269" type="stmt" count="0"/>
        <line num="270" type="stmt" count="0"/>
        <line num="271" type="stmt" count="0"/>
        <line num="272" type="stmt" count="0"/>
        <line num="273" type="stmt" count="0"/>
        <line num="274" type="stmt" count="0"/>
        <line num="275" type="stmt" count="0"/>
        <line num="276" type="stmt" count="0"/>
        <line num="277" type="stmt" count="0"/>
        <line num="278" type="stmt" count="0"/>
        <line num="279" type="stmt" count="0"/>
        <line num="285" type="method" name="scopeByType" visibility="public" complexity="1" crap="2" count="0"/>
        <line num="287" type="stmt" count="0"/>
        <line num="293" type="method" name="scopeByStatus" visibility="public" complexity="1" crap="2" count="0"/>
        <line num="295" type="stmt" count="0"/>
        <line num="301" type="method" name="scopePublished" visibility="public" complexity="1" crap="2" count="0"/>
        <line num="303" type="stmt" count="0"/>
        <line num="309" type="method" name="scopeByDateRange" visibility="public" complexity="1" crap="2" count="0"/>
        <line num="311" type="stmt" count="0"/>
        <line num="317" type="method" name="getAvailableTypes" visibility="public" complexity="1" crap="2" count="0"/>
        <line num="319" type="stmt" count="0"/>
        <line num="320" type="stmt" count="0"/>
        <line num="321" type="stmt" count="0"/>
        <line num="322" type="stmt" count="0"/>
        <line num="323" type="stmt" count="0"/>
        <line num="324" type="stmt" count="0"/>
        <line num="325" type="stmt" count="0"/>
        <line num="331" type="method" name="getAvailableModels" visibility="public" complexity="1" crap="2" count="0"/>
        <line num="333" type="stmt" count="0"/>
        <line num="334" type="stmt" count="0"/>
        <line num="335" type="stmt" count="0"/>
        <line num="336" type="stmt" count="0"/>
        <line num="337" type="stmt" count="0"/>
        <line num="338" type="stmt" count="0"/>
        <line num="344" type="method" name="getAvailableStatuses" visibility="public" complexity="1" crap="2" count="0"/>
        <line num="346" type="stmt" count="0"/>
        <line num="347" type="stmt" count="0"/>
        <line num="348" type="stmt" count="0"/>
        <line num="349" type="stmt" count="0"/>
        <line num="350" type="stmt" count="0"/>
        <line num="351" type="stmt" count="0"/>
        <metrics loc="354" ncloc="260" classes="1" methods="15" coveredmethods="0" conditionals="0" coveredconditionals="0" statements="71" coveredstatements="0" elements="86" coveredelements="0"/>
      </file>
      <file name="/opt/nestogy/app/Models/Category.php">
        <class name="App\Models\Category" namespace="App\Models">
          <metrics complexity="46" methods="31" coveredmethods="0" conditionals="0" coveredconditionals="0" statements="96" coveredstatements="0" elements="127" coveredelements="0"/>
        </class>
        <line num="113" type="method" name="parent" visibility="public" complexity="1" crap="2" count="0"/>
        <line num="115" type="stmt" count="0"/>
        <line num="121" type="method" name="children" visibility="public" complexity="1" crap="2" count="0"/>
        <line num="123" type="stmt" count="0"/>
        <line num="129" type="method" name="descendants" visibility="public" complexity="1" crap="2" count="0"/>
        <line num="131" type="stmt" count="0"/>
        <line num="137" type="method" name="expenses" visibility="public" complexity="1" crap="2" count="0"/>
        <line num="139" type="stmt" count="0"/>
        <line num="145" type="method" name="products" visibility="public" complexity="1" crap="2" count="0"/>
        <line num="147" type="stmt" count="0"/>
        <line num="153" type="method" name="invoices" visibility="public" complexity="1" crap="2" count="0"/>
        <line num="155" type="stmt" count="0"/>
        <line num="161" type="method" name="quotes" visibility="public" complexity="1" crap="2" count="0"/>
        <line num="163" type="stmt" count="0"/>
        <line num="169" type="method" name="recurringInvoices" visibility="public" complexity="1" crap="2" count="0"/>
        <line num="171" type="stmt" count="0"/>
        <line num="177" type="method" name="invoiceItems" visibility="public" complexity="1" crap="2" count="0"/>
        <line num="179" type="stmt" count="0"/>
        <line num="185" type="method" name="getTypeLabel" visibility="public" complexity="1" crap="2" count="0"/>
        <line num="187" type="stmt" count="0"/>
        <line num="193" type="method" name="getColor" visibility="public" complexity="2" crap="6" count="0"/>
        <line num="195" type="stmt" count="0"/>
        <line num="201" type="method" name="getIcon" visibility="public" complexity="2" crap="6" count="0"/>
        <line num="203" type="stmt" count="0"/>
        <line num="209" type="method" name="isRoot" visibility="public" complexity="1" crap="2" count="0"/>
        <line num="211" type="stmt" count="0"/>
        <line num="217" type="method" name="hasChildren" visibility="public" complexity="1" crap="2" count="0"/>
        <line num="219" type="stmt" count="0"/>
        <line num="225" type="method" name="isArchived" visibility="public" complexity="1" crap="2" count="0"/>
        <line num="227" type="stmt" count="0"/>
        <line num="233" type="method" name="getFullPath" visibility="public" complexity="2" crap="6" count="0"/>
        <line num="235" type="stmt" count="0"/>
        <line num="236" type="stmt" count="0"/>
        <line num="238" type="stmt" count="0"/>
        <line num="239" type="stmt" count="0"/>
        <line num="240" type="stmt" count="0"/>
        <line num="243" type="stmt" count="0"/>
        <line num="249" type="method" name="getDepth" visibility="public" complexity="2" crap="6" count="0"/>
        <line num="251" type="stmt" count="0"/>
        <line num="252" type="stmt" count="0"/>
        <line num="254" type="stmt" count="0"/>
        <line num="255" type="stmt" count="0"/>
        <line num="256" type="stmt" count="0"/>
        <line num="259" type="stmt" count="0"/>
        <line num="265" type="method" name="getAncestors" visibility="public" complexity="2" crap="6" count="0"/>
        <line num="267" type="stmt" count="0"/>
        <line num="268" type="stmt" count="0"/>
        <line num="270" type="stmt" count="0"/>
        <line num="271" type="stmt" count="0"/>
        <line num="272" type="stmt" count="0"/>
        <line num="275" type="stmt" count="0"/>
        <line num="281" type="method" name="getTree" visibility="public" complexity="1" crap="2" count="0"/>
        <line num="283" type="stmt" count="0"/>
        <line num="289" type="method" name="buildTree" visibility="private" complexity="2" crap="6" count="0"/>
        <line num="291" type="stmt" count="0"/>
        <line num="292" type="stmt" count="0"/>
        <line num="293" type="stmt" count="0"/>
        <line num="294" type="stmt" count="0"/>
        <line num="295" type="stmt" count="0"/>
        <line num="296" type="stmt" count="0"/>
        <line num="297" type="stmt" count="0"/>
        <line num="298" type="stmt" count="0"/>
        <line num="300" type="stmt" count="0"/>
        <line num="301" type="stmt" count="0"/>
        <line num="304" type="stmt" count="0"/>
        <line num="310" type="method" name="scopeRoots" visibility="public" complexity="1" crap="2" count="0"/>
        <line num="312" type="stmt" count="0"/>
        <line num="318" type="method" name="scopeByType" visibility="public" complexity="1" crap="2" count="0"/>
        <line num="320" type="stmt" count="0"/>
        <line num="326" type="method" name="scopeWithChildren" visibility="public" complexity="1" crap="2" count="0"/>
        <line num="328" type="stmt" count="0"/>
        <line num="334" type="method" name="scopeLeaves" visibility="public" complexity="1" crap="2" count="0"/>
        <line num="336" type="stmt" count="0"/>
        <line num="342" type="method" name="scopeSearch" visibility="public" complexity="1" crap="2" count="0"/>
        <line num="344" type="stmt" count="0"/>
        <line num="350" type="method" name="scopeOrdered" visibility="public" complexity="1" crap="2" count="0"/>
        <line num="352" type="stmt" count="0"/>
        <line num="358" type="method" name="getValidationRules" visibility="public" complexity="1" crap="2" count="0"/>
        <line num="360" type="stmt" count="0"/>
        <line num="362" type="stmt" count="0"/>
        <line num="363" type="stmt" count="0"/>
        <line num="364" type="stmt" count="0"/>
        <line num="365" type="stmt" count="0"/>
        <line num="366" type="stmt" count="0"/>
        <line num="367" type="stmt" count="0"/>
        <line num="368" type="stmt" count="0"/>
        <line num="374" type="method" name="getUpdateValidationRules" visibility="public" complexity="1" crap="2" count="0"/>
        <line num="376" type="stmt" count="0"/>
        <line num="379" type="stmt" count="0"/>
        <line num="381" type="stmt" count="0"/>
        <line num="387" type="method" name="getAvailableTypes" visibility="public" complexity="1" crap="2" count="0"/>
        <line num="389" type="stmt" count="0"/>
        <line num="395" type="method" name="getTreeByType" visibility="public" complexity="2" crap="6" count="0"/>
        <line num="397" type="stmt" count="0"/>
        <line num="398" type="stmt" count="0"/>
        <line num="400" type="stmt" count="0"/>
        <line num="401" type="stmt" count="0"/>
        <line num="404" type="stmt" count="0"/>
        <line num="410" type="method" name="boot" visibility="protected" complexity="9" crap="90" count="0"/>
        <line num="412" type="stmt" count="0"/>
        <line num="415" type="stmt" count="0"/>
        <line num="416" type="stmt" count="0"/>
        <line num="417" type="stmt" count="0"/>
        <line num="419" type="stmt" count="0"/>
        <line num="422" type="stmt" count="0"/>
        <line num="423" type="stmt" count="0"/>
        <line num="424" type="stmt" count="0"/>
        <line num="428" type="stmt" count="0"/>
        <line num="429" type="stmt" count="0"/>
        <line num="430" type="stmt" count="0"/>
        <line num="431" type="stmt" count="0"/>
        <line num="432" type="stmt" count="0"/>
        <line num="433" type="stmt" count="0"/>
        <line num="434" type="stmt" count="0"/>
        <line num="435" type="stmt" count="0"/>
        <line num="436" type="stmt" count="0"/>
        <line num="437" type="stmt" count="0"/>
        <line num="438" type="stmt" count="0"/>
        <line num="439" type="stmt" count="0"/>
        <line num="440" type="stmt" count="0"/>
        <line num="441" type="stmt" count="0"/>
        <line num="442" type="stmt" count="0"/>
        <line num="443" type="stmt" count="0"/>
        <line num="444" type="stmt" count="0"/>
        <line num="447" type="stmt" count="0"/>
        <line num="448" type="stmt" count="0"/>
        <line num="450" type="stmt" count="0"/>
        <metrics loc="453" ncloc="319" classes="1" methods="31" coveredmethods="0" conditionals="0" coveredconditionals="0" statements="96" coveredstatements="0" elements="127" coveredelements="0"/>
      </file>
      <file name="/opt/nestogy/app/Models/Client.php">
        <class name="App\Models\Client" namespace="App\Models">
          <metrics complexity="68" methods="52" coveredmethods="0" conditionals="0" coveredconditionals="0" statements="160" coveredstatements="8" elements="212" coveredelements="8"/>
        </class>
        <line num="120" type="method" name="scopeRecentlyAccessed" visibility="public" complexity="1" crap="2" count="0"/>
        <line num="122" type="stmt" count="0"/>
        <line num="123" type="stmt" count="0"/>
        <line num="124" type="stmt" count="0"/>
        <line num="130" type="method" name="scopeActive" visibility="public" complexity="1" crap="2" count="0"/>
        <line num="132" type="stmt" count="0"/>
        <line num="133" type="stmt" count="0"/>
        <line num="139" type="method" name="markAsAccessed" visibility="public" complexity="1" crap="2" count="0"/>
        <line num="141" type="stmt" count="0"/>
        <line num="147" type="method" name="contacts" visibility="public" complexity="1" crap="2" count="0"/>
        <line num="149" type="stmt" count="0"/>
        <line num="155" type="method" name="primaryContact" visibility="public" complexity="1" crap="2" count="0"/>
        <line num="157" type="stmt" count="0"/>
        <line num="163" type="method" name="assignedTechnicians" visibility="public" complexity="1" crap="2" count="0"/>
        <line num="165" type="stmt" count="0"/>
        <line num="166" type="stmt" count="0"/>
        <line num="167" type="stmt" count="0"/>
        <line num="168" type="stmt" count="0"/>
        <line num="169" type="stmt" count="0"/>
        <line num="175" type="method" name="primaryTechnician" visibility="public" complexity="1" crap="2" count="0"/>
        <line num="177" type="stmt" count="0"/>
        <line num="178" type="stmt" count="0"/>
        <line num="179" type="stmt" count="0"/>
        <line num="185" type="method" name="hasAssignedTechnician" visibility="public" complexity="1" crap="2" count="0"/>
        <line num="187" type="stmt" count="0"/>
        <line num="188" type="stmt" count="0"/>
        <line num="189" type="stmt" count="0"/>
        <line num="195" type="method" name="assignTechnician" visibility="public" complexity="1" crap="2" count="0"/>
        <line num="197" type="stmt" count="0"/>
        <line num="198" type="stmt" count="0"/>
        <line num="199" type="stmt" count="0"/>
        <line num="200" type="stmt" count="0"/>
        <line num="201" type="stmt" count="0"/>
        <line num="202" type="stmt" count="0"/>
        <line num="203" type="stmt" count="0"/>
        <line num="209" type="method" name="removeTechnician" visibility="public" complexity="1" crap="2" count="0"/>
        <line num="211" type="stmt" count="0"/>
        <line num="217" type="method" name="billingContact" visibility="public" complexity="1" crap="2" count="0"/>
        <line num="219" type="stmt" count="0"/>
        <line num="225" type="method" name="technicalContact" visibility="public" complexity="1" crap="2" count="0"/>
        <line num="227" type="stmt" count="0"/>
        <line num="233" type="method" name="locations" visibility="public" complexity="1" crap="2" count="0"/>
        <line num="235" type="stmt" count="0"/>
        <line num="241" type="method" name="primaryLocation" visibility="public" complexity="1" crap="2" count="0"/>
        <line num="243" type="stmt" count="0"/>
        <line num="249" type="method" name="addresses" visibility="public" complexity="1" crap="2" count="0"/>
        <line num="251" type="stmt" count="0"/>
        <line num="257" type="method" name="communicationLogs" visibility="public" complexity="1" crap="2" count="0"/>
        <line num="259" type="stmt" count="0"/>
        <line num="265" type="method" name="tags" visibility="public" complexity="1" crap="2" count="0"/>
        <line num="267" type="stmt" count="0"/>
        <line num="273" type="method" name="assets" visibility="public" complexity="1" crap="2" count="0"/>
        <line num="275" type="stmt" count="0"/>
        <line num="281" type="method" name="rmmClientMappings" visibility="public" complexity="1" crap="2" count="0"/>
        <line num="283" type="stmt" count="0"/>
        <line num="289" type="method" name="tickets" visibility="public" complexity="1" crap="2" count="0"/>
        <line num="291" type="stmt" count="0"/>
        <line num="297" type="method" name="ticketRatings" visibility="public" complexity="1" crap="2" count="0"/>
        <line num="299" type="stmt" count="0"/>
        <line num="305" type="method" name="invoices" visibility="public" complexity="1" crap="2" count="0"/>
        <line num="307" type="stmt" count="0"/>
        <line num="313" type="method" name="payments" visibility="public" complexity="1" crap="2" count="0"/>
        <line num="315" type="stmt" count="0"/>
        <line num="321" type="method" name="projects" visibility="public" complexity="1" crap="2" count="0"/>
        <line num="323" type="stmt" count="0"/>
        <line num="329" type="method" name="contracts" visibility="public" complexity="1" crap="2" count="0"/>
        <line num="331" type="stmt" count="0"/>
        <line num="337" type="method" name="quotes" visibility="public" complexity="1" crap="2" count="0"/>
        <line num="339" type="stmt" count="0"/>
        <line num="345" type="method" name="activeContract" visibility="public" complexity="1" crap="2" count="0"/>
        <line num="347" type="stmt" count="0"/>
        <line num="348" type="stmt" count="0"/>
        <line num="349" type="stmt" count="0"/>
        <line num="355" type="method" name="recurringInvoices" visibility="public" complexity="1" crap="2" count="0"/>
        <line num="357" type="stmt" count="0"/>
        <line num="363" type="method" name="subscriptionPlan" visibility="public" complexity="1" crap="2" count="0"/>
        <line num="365" type="stmt" count="0"/>
        <line num="371" type="method" name="linkedCompany" visibility="public" complexity="1" crap="2" count="0"/>
        <line num="373" type="stmt" count="0"/>
        <line num="379" type="method" name="paymentMethods" visibility="public" complexity="1" crap="2" count="0"/>
        <line num="381" type="stmt" count="0"/>
        <line num="387" type="method" name="defaultPaymentMethod" visibility="public" complexity="1" crap="2" count="0"/>
        <line num="389" type="stmt" count="0"/>
        <line num="395" type="method" name="favoritedByUsers" visibility="public" complexity="1" crap="2" count="0"/>
        <line num="397" type="stmt" count="0"/>
        <line num="398" type="stmt" count="0"/>
        <line num="399" type="stmt" count="0"/>
        <line num="405" type="method" name="scopeLeads" visibility="public" complexity="1" crap="2" count="0"/>
        <line num="407" type="stmt" count="0"/>
        <line num="413" type="method" name="scopeClients" visibility="public" complexity="1" crap="2" count="0"/>
        <line num="415" type="stmt" count="0"/>
        <line num="421" type="method" name="getFullAddressAttribute" visibility="public" complexity="1" crap="2" count="0"/>
        <line num="423" type="stmt" count="0"/>
        <line num="424" type="stmt" count="0"/>
        <line num="425" type="stmt" count="0"/>
        <line num="426" type="stmt" count="0"/>
        <line num="427" type="stmt" count="0"/>
        <line num="428" type="stmt" count="0"/>
        <line num="430" type="stmt" count="0"/>
        <line num="436" type="method" name="getDisplayNameAttribute" visibility="public" complexity="2" crap="6" count="0"/>
        <line num="438" type="stmt" count="0"/>
        <line num="444" type="method" name="getBalance" visibility="public" complexity="1" crap="2" count="0"/>
        <line num="446" type="stmt" count="0"/>
        <line num="447" type="stmt" count="0"/>
        <line num="449" type="stmt" count="0"/>
        <line num="455" type="method" name="getMonthlyRecurring" visibility="public" complexity="1" crap="2" count="0"/>
        <line num="457" type="stmt" count="0"/>
        <line num="458" type="stmt" count="0"/>
        <line num="459" type="stmt" count="0"/>
        <line num="465" type="method" name="isLead" visibility="public" complexity="1" crap="2" count="0"/>
        <line num="467" type="stmt" count="0"/>
        <line num="473" type="method" name="convertToCustomer" visibility="public" complexity="1" crap="2" count="0"/>
        <line num="475" type="stmt" count="0"/>
        <line num="476" type="stmt" count="0"/>
        <line num="478" type="stmt" count="0"/>
[...]
        <line num="148" type="stmt" count="0"/>
        <line num="149" type="stmt" count="0"/>
        <line num="152" type="stmt" count="0"/>
        <line num="153" type="stmt" count="0"/>
        <line num="154" type="stmt" count="0"/>
        <line num="157" type="stmt" count="0"/>
        <line num="163" type="method" name="getFormattedHours" visibility="public" complexity="2" crap="6" count="0"/>
        <line num="165" type="stmt" count="0"/>
        <line num="171" type="method" name="getFormattedSla" visibility="public" complexity="2" crap="6" count="0"/>
        <line num="173" type="stmt" count="0"/>
        <line num="179" type="method" name="isTemplate" visibility="public" complexity="1" crap="2" count="0"/>
        <line num="181" type="stmt" count="0"/>
        <line num="187" type="method" name="isArchived" visibility="public" complexity="1" crap="2" count="0"/>
        <line num="189" type="stmt" count="0"/>
        <line num="195" type="method" name="isGlobal" visibility="public" complexity="1" crap="2" count="0"/>
        <line num="197" type="stmt" count="0"/>
        <line num="203" type="method" name="isClientSpecific" visibility="public" complexity="1" crap="2" count="0"/>
        <line num="205" type="stmt" count="0"/>
        <line num="211" type="method" name="isFromTemplate" visibility="public" complexity="1" crap="2" count="0"/>
        <line num="213" type="stmt" count="0"/>
        <line num="219" type="method" name="getDisplayName" visibility="public" complexity="2" crap="6" count="0"/>
        <line num="221" type="stmt" count="0"/>
        <line num="222" type="stmt" count="0"/>
        <line num="225" type="stmt" count="0"/>
        <line num="231" type="method" name="updateAccessedAt" visibility="public" complexity="1" crap="2" count="0"/>
        <line num="233" type="stmt" count="0"/>
        <line num="239" type="method" name="getContactCount" visibility="public" complexity="1" crap="2" count="0"/>
        <line num="241" type="stmt" count="0"/>
        <line num="247" type="method" name="getAssetCount" visibility="public" complexity="1" crap="2" count="0"/>
        <line num="249" type="stmt" count="0"/>
        <line num="255" type="method" name="getTicketCount" visibility="public" complexity="1" crap="2" count="0"/>
        <line num="257" type="stmt" count="0"/>
        <line num="263" type="method" name="getExpenseCount" visibility="public" complexity="1" crap="2" count="0"/>
        <line num="265" type="stmt" count="0"/>
        <line num="271" type="method" name="createInstance" visibility="public" complexity="2" crap="6" count="0"/>
        <line num="273" type="stmt" count="0"/>
        <line num="274" type="stmt" count="0"/>
        <line num="277" type="stmt" count="0"/>
        <line num="278" type="stmt" count="0"/>
        <line num="279" type="stmt" count="0"/>
        <line num="280" type="stmt" count="0"/>
        <line num="281" type="stmt" count="0"/>
        <line num="282" type="stmt" count="0"/>
        <line num="283" type="stmt" count="0"/>
        <line num="284" type="stmt" count="0"/>
        <line num="286" type="stmt" count="0"/>
        <line num="292" type="method" name="scopeTemplates" visibility="public" complexity="1" crap="2" count="0"/>
        <line num="294" type="stmt" count="0"/>
        <line num="300" type="method" name="scopeInstances" visibility="public" complexity="1" crap="2" count="0"/>
        <line num="302" type="stmt" count="0"/>
        <line num="308" type="method" name="scopeGlobal" visibility="public" complexity="1" crap="2" count="0"/>
        <line num="310" type="stmt" count="0"/>
        <line num="316" type="method" name="scopeForClient" visibility="public" complexity="1" crap="2" count="0"/>
        <line num="318" type="stmt" count="0"/>
        <line num="324" type="method" name="scopeSearch" visibility="public" complexity="1" crap="2" count="0"/>
        <line num="326" type="stmt" count="0"/>
        <line num="327" type="stmt" count="0"/>
        <line num="328" type="stmt" count="0"/>
        <line num="329" type="stmt" count="0"/>
        <line num="330" type="stmt" count="0"/>
        <line num="331" type="stmt" count="0"/>
        <line num="332" type="stmt" count="0"/>
        <line num="338" type="method" name="scopeRecentlyAccessed" visibility="public" complexity="1" crap="2" count="0"/>
        <line num="340" type="stmt" count="0"/>
        <line num="346" type="method" name="scopeFromTemplate" visibility="public" complexity="1" crap="2" count="0"/>
        <line num="348" type="stmt" count="0"/>
        <line num="354" type="method" name="getValidationRules" visibility="public" complexity="1" crap="2" count="0"/>
        <line num="356" type="stmt" count="0"/>
        <line num="357" type="stmt" count="0"/>
        <line num="358" type="stmt" count="0"/>
        <line num="359" type="stmt" count="0"/>
        <line num="360" type="stmt" count="0"/>
        <line num="361" type="stmt" count="0"/>
        <line num="362" type="stmt" count="0"/>
        <line num="363" type="stmt" count="0"/>
        <line num="364" type="stmt" count="0"/>
        <line num="365" type="stmt" count="0"/>
        <line num="366" type="stmt" count="0"/>
        <line num="367" type="stmt" count="0"/>
        <line num="368" type="stmt" count="0"/>
        <line num="369" type="stmt" count="0"/>
        <line num="370" type="stmt" count="0"/>
        <line num="371" type="stmt" count="0"/>
        <line num="372" type="stmt" count="0"/>
        <line num="378" type="method" name="getUpdateValidationRules" visibility="public" complexity="1" crap="2" count="0"/>
        <line num="380" type="stmt" count="0"/>
        <line num="386" type="method" name="boot" visibility="protected" complexity="4" crap="20" count="0"/>
        <line num="388" type="stmt" count="0"/>
        <line num="391" type="stmt" count="0"/>
        <line num="392" type="stmt" count="0"/>
        <line num="393" type="stmt" count="0"/>
        <line num="395" type="stmt" count="0"/>
        <line num="398" type="stmt" count="0"/>
        <line num="399" type="stmt" count="0"/>
        <line num="400" type="stmt" count="0"/>
        <line num="402" type="stmt" count="0"/>
        <metrics loc="405" ncloc="268" classes="1" methods="32" coveredmethods="0" conditionals="0" coveredconditionals="0" statements="79" coveredstatements="0" elements="111" coveredelements="0"/>
      </file>
      <file name="/opt/nestogy/app/Models/VoIPTaxRate.php">
        <class name="App\Models\VoIPTaxRate" namespace="App\Models">
          <metrics complexity="55" methods="24" coveredmethods="0" conditionals="0" coveredconditionals="0" statements="180" coveredstatements="0" elements="204" coveredelements="0"/>
        </class>
        <line num="219" type="method" name="jurisdiction" visibility="public" complexity="1" crap="2" count="0"/>
        <line num="221" type="stmt" count="0"/>
        <line num="227" type="method" name="category" visibility="public" complexity="1" crap="2" count="0"/>
        <line num="229" type="stmt" count="0"/>
        <line num="235" type="method" name="history" visibility="public" complexity="1" crap="2" count="0"/>
        <line num="237" type="stmt" count="0"/>
        <line num="243" type="method" name="isCurrentlyActive" visibility="public" complexity="6" crap="42" count="0"/>
        <line num="245" type="stmt" count="0"/>
        <line num="246" type="stmt" count="0"/>
        <line num="249" type="stmt" count="0"/>
        <line num="252" type="stmt" count="0"/>
        <line num="253" type="stmt" count="0"/>
        <line num="257" type="stmt" count="0"/>
        <line num="258" type="stmt" count="0"/>
        <line num="261" type="stmt" count="0"/>
        <line num="267" type="method" name="isActiveOnDate" visibility="public" complexity="6" crap="42" count="0"/>
        <line num="269" type="stmt" count="0"/>
        <line num="270" type="stmt" count="0"/>
        <line num="274" type="stmt" count="0"/>
        <line num="275" type="stmt" count="0"/>
        <line num="279" type="stmt" count="0"/>
        <line num="280" type="stmt" count="0"/>
        <line num="283" type="stmt" count="0"/>
        <line num="289" type="method" name="appliesTo" visibility="public" complexity="2" crap="6" count="0"/>
        <line num="291" type="stmt" count="0"/>
        <line num="292" type="stmt" count="0"/>
        <line num="295" type="stmt" count="0"/>
        <line num="301" type="method" name="calculateTaxAmount" visibility="public" complexity="11" crap="132" count="0"/>
        <line num="303" type="stmt" count="0"/>
        <line num="304" type="stmt" count="0"/>
        <line num="308" type="stmt" count="0"/>
        <line num="309" type="stmt" count="0"/>
        <line num="312" type="stmt" count="0"/>
        <line num="314" type="stmt" count="0"/>
        <line num="315" type="stmt" count="0"/>
        <line num="316" type="stmt" count="0"/>
        <line num="317" type="stmt" count="0"/>
        <line num="319" type="stmt" count="0"/>
        <line num="320" type="stmt" count="0"/>
        <line num="321" type="stmt" count="0"/>
        <line num="323" type="stmt" count="0"/>
        <line num="324" type="stmt" count="0"/>
        <line num="325" type="stmt" count="0"/>
        <line num="326" type="stmt" count="0"/>
        <line num="328" type="stmt" count="0"/>
        <line num="329" type="stmt" count="0"/>
        <line num="330" type="stmt" count="0"/>
        <line num="331" type="stmt" count="0"/>
        <line num="333" type="stmt" count="0"/>
        <line num="334" type="stmt" count="0"/>
        <line num="335" type="stmt" count="0"/>
        <line num="339" type="stmt" count="0"/>
        <line num="340" type="stmt" count="0"/>
        <line num="343" type="stmt" count="0"/>
        <line num="349" type="method" name="calculateTieredTax" visibility="protected" complexity="4" crap="20" count="0"/>
        <line num="351" type="stmt" count="0"/>
        <line num="352" type="stmt" count="0"/>
        <line num="353" type="stmt" count="0"/>
        <line num="355" type="stmt" count="0"/>
        <line num="356" type="stmt" count="0"/>
        <line num="357" type="stmt" count="0"/>
        <line num="360" type="stmt" count="0"/>
        <line num="361" type="stmt" count="0"/>
        <line num="363" type="stmt" count="0"/>
        <line num="364" type="stmt" count="0"/>
        <line num="366" type="stmt" count="0"/>
        <line num="369" type="stmt" count="0"/>
        <line num="372" type="stmt" count="0"/>
        <line num="378" type="method" name="getFormattedRate" visibility="public" complexity="7" crap="56" count="0"/>
        <line num="380" type="stmt" count="0"/>
        <line num="381" type="stmt" count="0"/>
        <line num="382" type="stmt" count="0"/>
        <line num="384" type="stmt" count="0"/>
        <line num="385" type="stmt" count="0"/>
        <line num="387" type="stmt" count="0"/>
        <line num="388" type="stmt" count="0"/>
        <line num="390" type="stmt" count="0"/>
        <line num="391" type="stmt" count="0"/>
        <line num="393" type="stmt" count="0"/>
        <line num="394" type="stmt" count="0"/>
        <line num="397" type="stmt" count="0"/>
        <line num="404" type="method" name="getTaxTypeLabel" visibility="public" complexity="1" crap="2" count="0"/>
        <line num="406" type="stmt" count="0"/>
        <line num="407" type="stmt" count="0"/>
        <line num="408" type="stmt" count="0"/>
        <line num="409" type="stmt" count="0"/>
        <line num="410" type="stmt" count="0"/>
        <line num="411" type="stmt" count="0"/>
        <line num="412" type="stmt" count="0"/>
        <line num="413" type="stmt" count="0"/>
        <line num="415" type="stmt" count="0"/>
        <line num="421" type="method" name="scopeActive" visibility="public" complexity="1" crap="2" count="0"/>
        <line num="423" type="stmt" count="0"/>
        <line num="424" type="stmt" count="0"/>
        <line num="425" type="stmt" count="0"/>
        <line num="426" type="stmt" count="0"/>
        <line num="427" type="stmt" count="0"/>
        <line num="428" type="stmt" count="0"/>
        <line num="434" type="method" name="scopeByJurisdiction" visibility="public" complexity="1" crap="2" count="0"/>
        <line num="436" type="stmt" count="0"/>
        <line num="442" type="method" name="scopeByCategory" visibility="public" complexity="1" crap="2" count="0"/>
        <line num="444" type="stmt" count="0"/>
        <line num="450" type="method" name="scopeByType" visibility="public" complexity="1" crap="2" count="0"/>
        <line num="452" type="stmt" count="0"/>
        <line num="458" type="method" name="scopeForServiceType" visibility="public" complexity="1" crap="2" count="0"/>
        <line num="460" type="stmt" count="0"/>
        <line num="461" type="stmt" count="0"/>
        <line num="462" type="stmt" count="0"/>
        <line num="463" type="stmt" count="0"/>
        <line num="469" type="method" name="scopeFederal" visibility="public" complexity="1" crap="2" count="0"/>
        <line num="471" type="stmt" count="0"/>
        <line num="477" type="method" name="scopeState" visibility="public" complexity="1" crap="2" count="0"/>
        <line num="479" type="stmt" count="0"/>
        <line num="485" type="method" name="scopeLocal" visibility="public" complexity="1" crap="2" count="0"/>
        <line num="487" type="stmt" count="0"/>
        <line num="488" type="stmt" count="0"/>
        <line num="489" type="stmt" count="0"/>
        <line num="490" type="stmt" count="0"/>
        <line num="491" type="stmt" count="0"/>
        <line num="492" type="stmt" count="0"/>
        <line num="498" type="method" name="scopeOrderByPriority" visibility="public" complexity="1" crap="2" count="0"/>
        <line num="500" type="stmt" count="0"/>
        <line num="506" type="method" name="getValidationRules" visibility="public" complexity="1" crap="2" count="0"/>
        <line num="508" type="stmt" count="0"/>
        <line num="509" type="stmt" count="0"/>
        <line num="510" type="stmt" count="0"/>
        <line num="511" type="stmt" count="0"/>
        <line num="512" type="stmt" count="0"/>
        <line num="513" type="stmt" count="0"/>
        <line num="514" type="stmt" count="0"/>
        <line num="515" type="stmt" count="0"/>
        <line num="516" type="stmt" count="0"/>
        <line num="517" type="stmt" count="0"/>
        <line num="518" type="stmt" count="0"/>
        <line num="519" type="stmt" count="0"/>
        <line num="520" type="stmt" count="0"/>
        <line num="521" type="stmt" count="0"/>
        <line num="522" type="stmt" count="0"/>
        <line num="523" type="stmt" count="0"/>
        <line num="524" type="stmt" count="0"/>
        <line num="525" type="stmt" count="0"/>
        <line num="526" type="stmt" count="0"/>
        <line num="527" type="stmt" count="0"/>
        <line num="528" type="stmt" count="0"/>
        <line num="529" type="stmt" count="0"/>
        <line num="530" type="stmt" count="0"/>
        <line num="531" type="stmt" count="0"/>
        <line num="532" type="stmt" count="0"/>
        <line num="533" type="stmt" count="0"/>
        <line num="539" type="method" name="getAvailableTaxTypes" visibility="public" complexity="1" crap="2" count="0"/>
        <line num="541" type="stmt" count="0"/>
        <line num="542" type="stmt" count="0"/>
        <line num="543" type="stmt" count="0"/>
        <line num="544" type="stmt" count="0"/>
        <line num="545" type="stmt" count="0"/>
        <line num="546" type="stmt" count="0"/>
        <line num="547" type="stmt" count="0"/>
        <line num="548" type="stmt" count="0"/>
        <line num="554" type="method" name="getAvailableRateTypes" visibility="public" complexity="1" crap="2" count="0"/>
        <line num="556" type="stmt" count="0"/>
        <line num="557" type="stmt" count="0"/>
        <line num="558" type="stmt" count="0"/>
        <line num="559" type="stmt" count="0"/>
        <line num="560" type="stmt" count="0"/>
        <line num="561" type="stmt" count="0"/>
        <line num="562" type="stmt" count="0"/>
        <line num="568" type="method" name="getAvailableServiceTypes" visibility="public" complexity="1" crap="2" count="0"/>
        <line num="570" type="stmt" count="0"/>
        <line num="571" type="stmt" count="0"/>
        <line num="572" type="stmt" count="0"/>
        <line num="573" type="stmt" count="0"/>
        <line num="574" type="stmt" count="0"/>
        <line num="575" type="stmt" count="0"/>
        <line num="576" type="stmt" count="0"/>
        <line num="577" type="stmt" count="0"/>
        <line num="578" type="stmt" count="0"/>
        <line num="579" type="stmt" count="0"/>
        <line num="580" type="stmt" count="0"/>
        <line num="581" type="stmt" count="0"/>
        <line num="582" type="stmt" count="0"/>
        <line num="583" type="stmt" count="0"/>
        <line num="589" type="method" name="boot" visibility="protected" complexity="2" crap="6" count="0"/>
        <line num="591" type="stmt" count="0"/>
        <line num="593" type="stmt" count="0"/>
        <line num="594" type="stmt" count="0"/>
        <line num="596" type="stmt" count="0"/>
        <line num="597" type="stmt" count="0"/>
        <line num="598" type="stmt" count="0"/>
        <line num="599" type="stmt" count="0"/>
        <line num="600" type="stmt" count="0"/>
        <line num="601" type="stmt" count="0"/>
        <line num="602" type="stmt" count="0"/>
        <line num="603" type="stmt" count="0"/>
        <line num="605" type="stmt" count="0"/>
        <line num="607" type="stmt" count="0"/>
        <line num="610" type="stmt" count="0"/>
        <line num="611" type="stmt" count="0"/>
        <line num="612" type="stmt" count="0"/>
        <line num="613" type="stmt" count="0"/>
        <line num="614" type="stmt" count="0"/>
        <line num="615" type="stmt" count="0"/>
        <line num="616" type="stmt" count="0"/>
        <line num="617" type="stmt" count="0"/>
        <line num="618" type="stmt" count="0"/>
        <metrics loc="621" ncloc="473" classes="1" methods="24" coveredmethods="0" conditionals="0" coveredconditionals="0" statements="180" coveredstatements="0" elements="204" coveredelements="0"/>
      </file>
    </package>
    <package name="App\Models\Traits">
      <file name="/opt/nestogy/app/Models/Traits/HasPostGridIntegration.php">
        <class name="App\Models\Traits\HasPostGridIntegration" namespace="App\Models\Traits">
          <metrics complexity="2" methods="3" coveredmethods="0" conditionals="0" coveredconditionals="0" statements="6" coveredstatements="0" elements="9" coveredelements="0"/>
        </class>
        <line num="12" type="method" name="syncWithPostGrid" visibility="public" complexity="2" crap="6" count="0"/>
        <line num="14" type="stmt" count="0"/>
        <line num="15" type="stmt" count="0"/>
        <line num="16" type="stmt" count="0"/>
        <line num="17" type="stmt" count="0"/>
        <line num="24" type="method" name="getPostGridResource" visibility="protected" complexity="0" crap="0" count="0"/>
        <line num="29" type="method" name="toPostGridArray" visibility="public" complexity="0" crap="0" count="0"/>
        <metrics loc="31" ncloc="22" classes="1" methods="3" coveredmethods="0" conditionals="0" coveredconditionals="0" statements="6" coveredstatements="0" elements="9" coveredelements="0"/>
      </file>
    </package>
    <metrics files="103" loc="45549" ncloc="34323" classes="102" methods="2490" coveredmethods="3" conditionals="0" coveredconditionals="0" statements="11144" coveredstatements="47" elements="13634" coveredelements="50"/>
  </project>
</coverage>
